TN:
SF:src/app.ts
FN:26,(anonymous_1)
FN:37,init
FN:42,close
FNF:3
FNH:2
FNDA:1,(anonymous_1)
FNDA:11,init
FNDA:0,close
DA:1,11
DA:2,11
DA:3,11
DA:4,11
DA:6,11
DA:8,11
DA:10,11
DA:11,11
DA:22,11
DA:23,11
DA:26,1
DA:37,11
DA:38,11
DA:39,11
DA:42,11
DA:43,0
DA:46,11
LF:17
LH:16
BRF:0
BRH:0
end_of_record
TN:
SF:src/config/database.ts
FN:4,connectDb
FN:8,disconnectDB
FNF:2
FNH:1
FNDA:11,connectDb
FNDA:0,disconnectDB
DA:1,14
DA:4,14
DA:5,11
DA:8,14
DA:9,0
LF:5
LH:4
BRF:0
BRH:0
end_of_record
TN:
SF:src/config/envs.ts
FN:4,loadEnv
FNF:1
FNH:1
FNDA:25,loadEnv
DA:1,14
DA:2,14
DA:4,14
DA:6,25
DA:12,25
DA:13,25
LF:6
LH:6
BRDA:6,0,0,25
BRDA:6,0,1,0
BRDA:8,1,0,0
BRDA:8,1,1,0
BRF:4
BRH:1
end_of_record
TN:
SF:src/config/index.ts
FNF:0
FNH:0
DA:1,14
DA:2,14
LF:2
LH:2
BRF:0
BRH:0
end_of_record
TN:
SF:src/controllers/authentication-controller.ts
FN:5,singInPost
FNF:1
FNH:1
FNDA:5,singInPost
DA:2,11
DA:3,11
DA:5,11
DA:6,5
DA:8,5
DA:9,5
DA:11,2
DA:13,3
LF:8
LH:8
BRF:0
BRH:0
end_of_record
TN:
SF:src/controllers/bookings-controller.ts
FN:8,findBookings
FN:20,createBooking
FN:34,putBooking
FNF:3
FNH:3
FNDA:2,findBookings
FNDA:6,createBooking
FNDA:4,putBooking
DA:2,11
DA:3,11
DA:5,11
DA:6,11
DA:8,11
DA:9,2
DA:11,2
DA:12,2
DA:14,1
DA:16,1
DA:20,11
DA:21,6
DA:22,6
DA:24,6
DA:26,6
DA:28,1
DA:30,5
DA:34,11
DA:35,4
DA:36,4
DA:37,4
DA:39,4
DA:40,4
DA:42,1
DA:43,0
DA:46,1
DA:48,3
LF:27
LH:26
BRDA:42,0,0,0
BRF:1
BRH:0
end_of_record
TN:
SF:src/controllers/enrollments-controller.ts
FN:6,getEnrollmentByUser
FN:18,postCreateOrUpdateEnrollment
FN:31,getAddressFromCEP
FNF:3
FNH:3
FNDA:1,getEnrollmentByUser
FNDA:2,postCreateOrUpdateEnrollment
FNDA:1,getAddressFromCEP
DA:2,11
DA:3,11
DA:4,11
DA:6,11
DA:7,1
DA:9,1
DA:10,1
DA:12,0
DA:14,1
DA:18,11
DA:19,2
DA:20,2
DA:25,1
DA:27,1
DA:31,11
DA:32,1
DA:34,1
DA:35,0
DA:38,1
DA:39,1
DA:40,1
DA:42,0
LF:22
LH:19
BRDA:34,0,0,0
BRF:1
BRH:0
end_of_record
TN:
SF:src/controllers/events-controller.ts
FN:5,getDefaultEvent
FNF:1
FNH:1
FNDA:2,getDefaultEvent
DA:2,11
DA:3,11
DA:5,11
DA:6,2
DA:7,2
DA:8,1
DA:10,1
LF:7
LH:7
BRF:0
BRH:0
end_of_record
TN:
SF:src/controllers/hotels-controller.ts
FN:8,findHotels
FN:24,findHotelsWithRooms
FNF:2
FNH:2
FNDA:2,findHotels
FNDA:2,findHotelsWithRooms
DA:2,11
DA:3,11
DA:4,11
DA:6,11
DA:8,11
DA:9,2
DA:11,2
DA:12,2
DA:14,0
DA:15,0
DA:18,0
DA:20,2
DA:24,11
DA:25,2
DA:26,2
DA:28,2
DA:29,2
DA:31,1
DA:32,0
DA:35,1
DA:37,1
LF:21
LH:17
BRDA:14,0,0,0
BRDA:14,1,0,0
BRDA:14,1,1,0
BRDA:31,2,0,0
BRDA:31,3,0,1
BRDA:31,3,1,1
BRF:6
BRH:2
end_of_record
TN:
SF:src/controllers/index.ts
FNF:0
FNH:0
DA:1,11
DA:2,11
DA:3,11
DA:4,11
DA:5,11
DA:6,11
DA:7,11
DA:8,11
LF:8
LH:8
BRF:0
BRH:0
end_of_record
TN:
SF:src/controllers/payments-controller.ts
FN:8,findPayments
FN:23,createPayment
FNF:2
FNH:2
FNDA:3,findPayments
FNDA:4,createPayment
DA:2,11
DA:3,11
DA:4,11
DA:5,11
DA:8,11
DA:9,3
DA:10,3
DA:12,3
DA:13,3
DA:15,2
DA:17,1
DA:19,2
DA:23,11
DA:24,4
DA:25,4
DA:27,4
DA:28,4
DA:30,3
DA:32,1
LF:19
LH:19
BRDA:13,0,0,1
BRF:1
BRH:1
end_of_record
TN:
SF:src/controllers/tickets-controller.ts
FN:7,findTickets
FN:21,findTypes
FN:30,createTicket
FNF:3
FNH:3
FNDA:1,findTickets
FNDA:2,findTypes
FNDA:3,createTicket
DA:2,11
DA:4,11
DA:7,11
DA:8,1
DA:9,1
DA:10,1
DA:11,0
DA:12,0
DA:14,0
DA:17,1
DA:21,11
DA:22,2
DA:23,2
DA:24,2
DA:26,0
DA:30,11
DA:31,3
DA:32,3
DA:34,3
DA:35,3
DA:36,2
DA:38,2
DA:43,1
LF:23
LH:19
BRDA:11,0,0,0
BRDA:11,0,1,0
BRF:2
BRH:0
end_of_record
TN:
SF:src/controllers/users-controller.ts
FN:5,usersPost
FNF:1
FNH:1
FNDA:6,usersPost
DA:2,11
DA:3,11
DA:5,11
DA:6,6
DA:8,6
DA:9,6
DA:10,0
DA:15,6
DA:16,0
DA:18,6
LF:10
LH:8
BRDA:15,0,0,0
BRF:1
BRH:0
end_of_record
TN:
SF:src/errors/bad-request-error.ts
FN:3,badRequestError
FNF:1
FNH:1
FNDA:1,badRequestError
DA:3,11
DA:4,1
LF:2
LH:2
BRF:0
BRH:0
end_of_record
TN:
SF:src/errors/cannot-enroll-before-start-date-error.ts
FN:3,cannotEnrollBeforeStartDateError
FNF:1
FNH:1
FNDA:8,cannotEnrollBeforeStartDateError
DA:3,11
DA:4,8
LF:2
LH:2
BRF:0
BRH:0
end_of_record
TN:
SF:src/errors/conflict-error.ts
FN:3,conflictError
FNF:1
FNH:0
FNDA:0,conflictError
DA:3,11
DA:4,0
LF:2
LH:1
BRF:0
BRH:0
end_of_record
TN:
SF:src/errors/forbidden-error.ts
FN:3,forbiddenError
FNF:1
FNH:1
FNDA:4,forbiddenError
DA:3,11
DA:4,4
LF:2
LH:2
BRF:0
BRH:0
end_of_record
TN:
SF:src/errors/index.ts
FNF:0
FNH:0
DA:1,11
DA:2,11
DA:3,11
DA:4,11
DA:5,11
DA:6,11
DA:7,11
DA:8,11
DA:9,11
DA:10,11
DA:11,11
LF:11
LH:11
BRF:0
BRH:0
end_of_record
TN:
SF:src/errors/invalid-data-error.ts
FN:3,invalidDataError
FNF:1
FNH:1
FNDA:8,invalidDataError
DA:3,11
DA:4,8
LF:2
LH:2
BRF:0
BRH:0
end_of_record
TN:
SF:src/errors/invalid-email-error.ts
FN:3,invalidEmailError
FNF:1
FNH:0
FNDA:0,invalidEmailError
DA:3,11
DA:4,0
LF:2
LH:1
BRF:0
BRH:0
end_of_record
TN:
SF:src/errors/no-content-error.ts
FN:3,noContentError
FNF:1
FNH:0
FNDA:0,noContentError
DA:3,11
DA:4,0
LF:2
LH:1
BRF:0
BRH:0
end_of_record
TN:
SF:src/errors/not-found-error.ts
FN:3,notFoundError
FNF:1
FNH:1
FNDA:9,notFoundError
DA:3,11
DA:4,9
LF:2
LH:2
BRF:0
BRH:0
end_of_record
TN:
SF:src/errors/payment-required-error.ts
FN:3,paymentError
FNF:1
FNH:1
FNDA:1,paymentError
DA:3,11
DA:4,1
LF:2
LH:2
BRF:0
BRH:0
end_of_record
TN:
SF:src/errors/request-error.ts
FN:3,requestError
FNF:1
FNH:0
FNDA:0,requestError
DA:3,11
DA:4,0
LF:2
LH:1
BRF:0
BRH:0
end_of_record
TN:
SF:src/errors/unauthorized-error.ts
FN:3,unauthorizedError
FNF:1
FNH:1
FNDA:42,unauthorizedError
DA:3,11
DA:4,42
LF:2
LH:2
BRF:0
BRH:0
end_of_record
TN:
SF:src/middlewares/authentication-middleware.ts
FN:8,authenticateToken
FN:33,generateUnauthorizedResponse
FNF:2
FNH:2
FNDA:76,authenticateToken
FNDA:40,generateUnauthorizedResponse
DA:2,11
DA:3,11
DA:5,11
DA:6,11
DA:8,11
DA:9,76
DA:10,76
DA:12,64
DA:13,64
DA:15,64
DA:16,64
DA:18,52
DA:23,52
DA:25,36
DA:27,36
DA:29,12
DA:34,40
LF:17
LH:17
BRDA:10,0,0,12
BRDA:13,1,0,0
BRDA:23,2,0,16
BRF:3
BRH:2
end_of_record
TN:
SF:src/middlewares/error-handling-middleware.ts
FN:5,handleApplicationErrors
FNF:1
FNH:1
FNDA:15,handleApplicationErrors
DA:2,11
DA:5,11
DA:11,15
DA:12,0
DA:17,15
DA:18,0
DA:23,15
DA:24,0
DA:29,15
DA:30,2
DA:35,13
DA:36,7
DA:41,6
DA:42,1
DA:45,5
DA:46,1
DA:49,4
DA:50,0
DA:52,4
DA:53,4
DA:56,0
DA:57,0
LF:22
LH:16
BRDA:11,0,0,0
BRDA:17,1,0,0
BRDA:17,2,0,15
BRDA:17,2,1,15
BRDA:23,3,0,0
BRDA:29,4,0,2
BRDA:35,5,0,7
BRDA:41,6,0,1
BRDA:45,7,0,1
BRDA:49,8,0,0
BRDA:52,9,0,4
BRF:11
BRH:7
end_of_record
TN:
SF:src/middlewares/index.ts
FNF:0
FNH:0
DA:1,11
DA:2,11
DA:3,11
LF:3
LH:3
BRF:0
BRH:0
end_of_record
TN:
SF:src/middlewares/validation-middleware.ts
FN:6,validateBody
FN:10,validateParams
FN:14,validateQuery
FN:18,validate
FN:19,(anonymous_5)
FN:28,(anonymous_6)
FN:29,(anonymous_7)
FNF:7
FNH:6
FNDA:77,validateBody
FNDA:0,validateParams
FNDA:11,validateQuery
FNDA:88,validate
FNDA:39,(anonymous_5)
FNDA:2,(anonymous_6)
FNDA:20,(anonymous_7)
DA:2,11
DA:4,11
DA:6,11
DA:7,77
DA:10,11
DA:11,0
DA:14,11
DA:15,11
DA:19,88
DA:20,39
DA:24,39
DA:25,31
DA:27,8
DA:28,2
DA:29,20
LF:15
LH:14
BRDA:24,0,0,31
BRDA:24,0,1,8
BRDA:27,1,0,1
BRDA:27,1,1,7
BRF:4
BRH:4
end_of_record
TN:
SF:src/repositories/address-repository/index.ts
FN:4,upsert
FNF:1
FNH:1
FNDA:1,upsert
DA:2,11
DA:5,1
DA:20,11
DA:24,11
LF:4
LH:4
BRF:0
BRH:0
end_of_record
TN:
SF:src/repositories/booking-repository/index.ts
FN:3,find
FN:12,findById
FN:16,putBooking
FN:27,countBookingsByRoomId
FN:36,create
FNF:5
FNH:5
FNDA:2,find
FNDA:4,findById
FNDA:1,putBooking
FNDA:3,countBookingsByRoomId
FNDA:1,create
DA:1,11
DA:4,2
DA:13,4
DA:17,1
DA:28,3
DA:33,3
DA:37,1
DA:45,11
DA:53,11
LF:9
LH:9
BRF:0
BRH:0
end_of_record
TN:
SF:src/repositories/enrollment-repository/index.ts
FN:4,findAddressByUserId
FN:13,findById
FN:19,findByUserId
FN:25,upsert
FNF:4
FNH:4
FNDA:1,findAddressByUserId
FNDA:5,findById
FNDA:14,findByUserId
FNDA:2,upsert
DA:2,11
DA:5,1
DA:14,5
DA:20,14
DA:30,2
DA:43,11
DA:50,11
LF:7
LH:7
BRF:0
BRH:0
end_of_record
TN:
SF:src/repositories/event-repository/index.ts
FN:3,findFirst
FNF:1
FNH:1
FNDA:11,findFirst
DA:1,11
DA:4,11
DA:7,11
DA:11,11
LF:4
LH:4
BRF:0
BRH:0
end_of_record
TN:
SF:src/repositories/hotel-repository/index.ts
FN:3,find
FN:7,findHotelsWithRooms
FN:15,findRoom
FNF:3
FNH:2
FNDA:0,find
FNDA:1,findHotelsWithRooms
FNDA:3,findRoom
DA:1,11
DA:4,0
DA:8,1
DA:16,3
DA:18,11
DA:24,11
LF:6
LH:5
BRF:0
BRH:0
end_of_record
TN:
SF:src/repositories/payments-repository/index.ts
FN:4,find
FN:8,create
FNF:2
FNH:2
FNDA:1,find
FNDA:3,create
DA:1,11
DA:5,1
DA:9,3
DA:19,11
DA:24,11
LF:5
LH:5
BRF:0
BRH:0
end_of_record
TN:
SF:src/repositories/session-repository/index.ts
FN:4,create
FNF:1
FNH:1
FNDA:5,create
DA:2,11
DA:5,5
DA:10,11
DA:14,11
LF:4
LH:4
BRF:0
BRH:0
end_of_record
TN:
SF:src/repositories/ticket-repository/index.ts
FN:3,find
FN:11,findById
FN:15,findByEnrollmentId
FN:19,findTypes
FN:23,findTypeById
FN:29,create
FN:38,updateById
FNF:7
FNH:6
FNDA:0,find
FNDA:6,findById
FNDA:7,findByEnrollmentId
FNDA:2,findTypes
FNDA:11,findTypeById
FNDA:2,create
FNDA:3,updateById
DA:1,11
DA:4,0
DA:12,6
DA:16,7
DA:20,2
DA:24,11
DA:30,2
DA:39,3
DA:47,11
DA:57,11
LF:10
LH:9
BRF:0
BRH:0
end_of_record
TN:
SF:src/repositories/user-repository/index.ts
FN:4,findByEmail
FN:18,create
FNF:2
FNH:2
FNDA:10,findByEmail
FNDA:1,create
DA:2,11
DA:5,10
DA:11,10
DA:12,9
DA:15,10
DA:19,1
DA:24,11
DA:29,11
LF:8
LH:8
BRDA:11,0,0,9
BRF:1
BRH:1
end_of_record
TN:
SF:src/routers/authentication-router.ts
FNF:0
FNH:0
DA:1,11
DA:2,11
DA:3,11
DA:4,11
DA:6,11
DA:8,11
DA:10,11
LF:7
LH:7
BRF:0
BRH:0
end_of_record
TN:
SF:src/routers/bookings-router.ts
FNF:0
FNH:0
DA:1,11
DA:2,11
DA:3,11
DA:4,11
DA:6,11
DA:8,11
DA:14,11
LF:7
LH:7
BRF:0
BRH:0
end_of_record
TN:
SF:src/routers/enrollments-router.ts
FNF:0
FNH:0
DA:1,11
DA:2,11
DA:3,11
DA:4,11
DA:6,11
DA:8,11
DA:14,11
LF:7
LH:7
BRF:0
BRH:0
end_of_record
TN:
SF:src/routers/events-router.ts
FNF:0
FNH:0
DA:1,11
DA:2,11
DA:4,11
DA:6,11
DA:8,11
LF:5
LH:5
BRF:0
BRH:0
end_of_record
TN:
SF:src/routers/hotels-router.ts
FNF:0
FNH:0
DA:1,11
DA:2,11
DA:3,11
DA:5,11
DA:7,11
DA:9,11
LF:6
LH:6
BRF:0
BRH:0
end_of_record
TN:
SF:src/routers/index.ts
FNF:0
FNH:0
DA:1,11
DA:2,11
DA:3,11
DA:4,11
DA:5,11
DA:6,11
DA:7,11
DA:8,11
LF:8
LH:8
BRF:0
BRH:0
end_of_record
TN:
SF:src/routers/payments-router.ts
FNF:0
FNH:0
DA:1,11
DA:2,11
DA:3,11
DA:4,11
DA:6,11
DA:8,11
DA:13,11
LF:7
LH:7
BRF:0
BRH:0
end_of_record
TN:
SF:src/routers/tickets-router.ts
FNF:0
FNH:0
DA:1,11
DA:2,11
DA:3,11
DA:4,11
DA:6,11
DA:8,11
DA:14,11
LF:7
LH:7
BRF:0
BRH:0
end_of_record
TN:
SF:src/routers/users-router.ts
FNF:0
FNH:0
DA:1,11
DA:3,11
DA:4,11
DA:5,11
DA:7,11
DA:9,11
DA:11,11
LF:7
LH:7
BRF:0
BRH:0
end_of_record
TN:
SF:src/schemas/authentication-schemas.ts
FNF:0
FNH:0
DA:1,14
DA:4,14
LF:2
LH:2
BRF:0
BRH:0
end_of_record
TN:
SF:src/schemas/bookings-schemas.ts
FNF:0
FNH:0
DA:1,14
DA:3,14
LF:2
LH:2
BRF:0
BRH:0
end_of_record
TN:
SF:src/schemas/enrollments-schemas.ts
FN:24,(anonymous_1)
FN:31,joiCpfValidation
FN:41,JoiCepValidation
FN:51,joiMobilePhoneValidation
FNF:4
FNH:4
FNDA:378,(anonymous_1)
FNDA:29,joiCpfValidation
FNDA:21,JoiCepValidation
FNDA:23,joiMobilePhoneValidation
DA:1,14
DA:2,14
DA:5,14
DA:7,14
DA:8,14
DA:10,14
DA:12,14
DA:24,378
DA:32,29
DA:34,29
DA:35,1
DA:38,28
DA:42,21
DA:44,21
DA:45,2
DA:48,19
DA:52,23
DA:54,23
DA:55,0
DA:58,23
LF:20
LH:19
BRDA:32,0,0,0
BRDA:34,1,0,1
BRDA:42,2,0,0
BRDA:44,3,0,2
BRDA:52,4,0,0
BRDA:54,5,0,0
BRF:6
BRH:2
end_of_record
TN:
SF:src/schemas/index.ts
FNF:0
FNH:0
DA:1,14
DA:2,14
DA:3,14
DA:4,14
DA:5,14
DA:6,14
LF:6
LH:6
BRF:0
BRH:0
end_of_record
TN:
SF:src/schemas/payments-schemas.ts
FNF:0
FNH:0
DA:1,14
DA:4,14
LF:2
LH:2
BRF:0
BRH:0
end_of_record
TN:
SF:src/schemas/tickets-schemas.ts
FNF:0
FNH:0
DA:1,14
DA:3,14
LF:2
LH:2
BRF:0
BRH:0
end_of_record
TN:
SF:src/schemas/users-schemas.ts
FNF:0
FNH:0
DA:1,14
DA:4,14
LF:2
LH:2
BRF:0
BRH:0
end_of_record
TN:
SF:src/services/authentication-service/errors.ts
FN:3,invalidCredentialsError
FNF:1
FNH:1
FNDA:6,invalidCredentialsError
DA:3,11
DA:4,6
LF:2
LH:2
BRF:0
BRH:0
end_of_record
TN:
SF:src/services/authentication-service/index.ts
FN:9,signIn
FN:24,getUserOrFail
FN:31,createSession
FN:41,validatePasswordOrFail
FNF:4
FNH:4
FNDA:9,signIn
FNDA:9,getUserOrFail
FNDA:5,createSession
FNDA:7,validatePasswordOrFail
DA:2,11
DA:3,11
DA:4,11
DA:5,11
DA:6,11
DA:7,11
DA:10,9
DA:12,9
DA:14,7
DA:16,5
DA:18,2
DA:25,9
DA:26,9
DA:28,7
DA:32,5
DA:33,5
DA:38,2
DA:42,7
DA:43,7
DA:55,11
DA:59,11
DA:60,11
LF:22
LH:22
BRDA:26,0,0,2
BRDA:43,1,0,2
BRF:2
BRH:2
end_of_record
TN:
SF:src/services/booking-service/index.ts
FN:8,findBookings
FN:15,putBooking
FN:31,createBooking
FNF:3
FNH:3
FNDA:2,findBookings
FNDA:4,putBooking
FNDA:6,createBooking
DA:1,11
DA:3,11
DA:4,11
DA:5,11
DA:6,11
DA:9,2
DA:10,2
DA:12,1
DA:16,4
DA:17,4
DA:18,3
DA:20,2
DA:21,2
DA:23,2
DA:24,2
DA:26,1
DA:28,1
DA:32,6
DA:33,6
DA:35,4
DA:36,4
DA:37,4
DA:39,3
DA:40,3
DA:42,1
DA:43,1
DA:45,1
DA:46,1
DA:48,1
DA:49,1
DA:51,1
DA:54,11
DA:60,11
LF:33
LH:33
BRDA:10,0,0,1
BRDA:17,1,0,1
BRDA:18,2,0,1
BRDA:21,3,0,0
BRDA:24,4,0,1
BRDA:24,5,0,2
BRDA:24,5,1,1
BRDA:24,5,2,1
BRDA:33,6,0,2
BRDA:36,7,0,0
BRDA:37,8,0,1
BRDA:40,9,0,2
BRDA:40,10,0,3
BRDA:40,10,1,2
BRDA:43,11,0,0
BRDA:46,12,0,0
BRDA:46,13,0,1
BRDA:46,13,1,1
BRDA:46,13,2,1
BRDA:49,14,0,0
BRF:20
BRH:15
end_of_record
TN:
SF:src/services/enrollments-service/index.ts
FN:9,getAddressFromCEP
FN:29,getAddressByUserId
FN:45,getFirstAddress
FN:53,createOrUpdateEnrollmentWithAddress
FN:68,getAddressForUpsert
FNF:5
FNH:4
FNDA:3,getAddressFromCEP
FNDA:1,getAddressByUserId
FNDA:0,getFirstAddress
FNDA:2,createOrUpdateEnrollmentWithAddress
FNDA:2,getAddressForUpsert
DA:2,11
DA:3,11
DA:4,11
DA:5,11
DA:6,11
DA:10,3
DA:12,3
DA:13,0
DA:16,3
DA:18,3
DA:26,3
DA:30,1
DA:32,1
DA:34,0
DA:35,0
DA:37,0
DA:46,0
DA:48,0
DA:54,2
DA:55,2
DA:57,2
DA:58,2
DA:60,0
DA:63,2
DA:65,1
DA:69,2
DA:79,11
DA:85,11
LF:28
LH:21
BRDA:12,0,0,0
BRDA:12,1,0,3
BRDA:12,1,1,3
BRDA:32,2,0,1
BRDA:39,3,0,0
BRDA:39,3,1,0
BRDA:46,4,0,0
BRDA:71,5,0,2
BRDA:71,5,1,2
BRF:9
BRH:5
end_of_record
TN:
SF:src/services/events-service/index.ts
FN:7,getFirstEvent
FN:16,isCurrentEventActive
FNF:2
FNH:2
FNDA:2,getFirstEvent
FNDA:9,isCurrentEventActive
DA:2,11
DA:3,11
DA:4,11
DA:5,11
DA:8,2
DA:9,2
DA:11,1
DA:17,9
DA:18,9
DA:20,2
DA:21,2
DA:22,2
DA:24,2
DA:27,11
DA:32,11
LF:15
LH:15
BRDA:9,0,0,1
BRDA:18,1,0,7
BRDA:24,2,0,2
BRDA:24,2,1,1
BRF:4
BRH:4
end_of_record
TN:
SF:src/services/hotels-service/index.ts
FN:7,findHotels
FN:24,findHotelsWithRooms
FNF:2
FNH:2
FNDA:2,findHotels
FNDA:2,findHotelsWithRooms
DA:1,11
DA:3,11
DA:4,11
DA:5,11
DA:8,2
DA:9,2
DA:11,1
DA:12,1
DA:13,0
DA:15,0
DA:16,0
DA:18,0
DA:19,0
DA:21,0
DA:25,2
DA:26,2
DA:28,2
DA:29,2
DA:30,2
DA:32,2
DA:33,2
DA:35,1
DA:36,1
DA:38,1
DA:41,11
DA:46,11
LF:26
LH:20
BRDA:9,0,0,1
BRDA:12,1,0,1
BRDA:13,2,0,0
BRDA:16,3,0,0
BRDA:16,4,0,0
BRDA:16,4,1,0
BRDA:19,5,0,0
BRDA:26,6,0,0
BRDA:29,7,0,0
BRDA:30,8,0,0
BRDA:33,9,0,1
BRDA:33,10,0,2
BRDA:33,10,1,1
BRDA:36,11,0,0
BRF:14
BRH:5
end_of_record
TN:
SF:src/services/payments-service/index.ts
FN:7,findPayments
FN:21,createPayment
FNF:2
FNH:2
FNDA:2,findPayments
FNDA:4,createPayment
DA:1,11
DA:2,11
DA:3,11
DA:4,11
DA:8,2
DA:10,2
DA:12,1
DA:14,1
DA:16,1
DA:18,1
DA:22,4
DA:24,4
DA:26,4
DA:28,4
DA:30,4
DA:32,4
DA:34,4
DA:36,3
DA:38,3
DA:41,11
DA:46,11
LF:21
LH:21
BRDA:10,0,0,1
BRDA:14,1,0,0
BRDA:16,2,0,0
BRDA:26,3,0,0
BRDA:32,4,0,0
BRDA:34,5,0,1
BRF:6
BRH:2
end_of_record
TN:
SF:src/services/tickets-service/index.ts
FN:6,findTickets
FN:14,findTypes
FN:18,createTicket
FN:32,getType
FNF:4
FNH:4
FNDA:1,findTickets
FNDA:2,findTypes
FNDA:3,createTicket
FNDA:2,getType
DA:1,11
DA:2,11
DA:3,11
DA:7,1
DA:9,0
DA:11,0
DA:15,2
DA:19,3
DA:21,3
DA:23,2
DA:25,2
DA:27,2
DA:29,2
DA:33,2
DA:36,11
DA:43,11
LF:16
LH:14
BRDA:9,0,0,0
BRDA:23,1,0,0
BRDA:27,2,0,0
BRF:3
BRH:0
end_of_record
TN:
SF:src/services/users-service/errors.ts
FN:3,duplicatedEmailError
FNF:1
FNH:0
FNDA:0,duplicatedEmailError
DA:3,11
DA:4,0
LF:2
LH:1
BRF:0
BRH:0
end_of_record
TN:
SF:src/services/users-service/index.ts
FN:8,createUser
FN:20,validateUniqueEmailOrFail
FN:27,canEnrollOrFail
FNF:3
FNH:3
FNDA:9,createUser
FNDA:1,validateUniqueEmailOrFail
FNDA:9,canEnrollOrFail
DA:2,11
DA:3,11
DA:4,11
DA:5,11
DA:6,11
DA:8,11
DA:9,9
DA:11,1
DA:13,1
DA:14,1
DA:21,1
DA:22,1
DA:23,0
DA:28,9
DA:29,9
DA:30,8
DA:36,11
DA:40,11
DA:41,11
LF:19
LH:18
BRDA:22,0,0,0
BRDA:29,1,0,8
BRF:2
BRH:1
end_of_record
TN:
SF:src/utils/prisma-utils.ts
FN:1,exclude
FNF:1
FNH:1
FNDA:7,exclude
DA:1,11
DA:2,7
DA:3,7
DA:4,8
DA:6,7
LF:5
LH:5
BRF:0
BRH:0
end_of_record
TN:
SF:src/utils/request.ts
FN:4,get
FNF:1
FNH:1
FNDA:3,get
DA:1,11
DA:2,11
DA:5,3
DA:6,3
DA:7,3
DA:9,0
DA:11,0
DA:15,11
LF:8
LH:6
BRF:0
BRH:0
end_of_record
TN:
SF:tests/helpers.ts
FN:8,cleanDb
FN:22,generateValidToken
FNF:2
FNH:2
FNDA:80,cleanDb
FNDA:49,generateValidToken
DA:1,10
DA:4,10
DA:5,10
DA:6,10
DA:8,10
DA:9,80
DA:10,80
DA:11,80
DA:12,80
DA:13,76
DA:14,76
DA:15,76
DA:16,76
DA:17,76
DA:18,76
DA:19,76
DA:22,10
DA:23,49
DA:24,49
DA:26,49
DA:28,49
LF:21
LH:21
BRDA:23,0,0,49
BRDA:23,0,1,15
BRF:2
BRH:2
end_of_record
TN:
SF:tests/factories/bookings-factory.ts
FN:3,createBooking
FNF:1
FNH:1
FNDA:7,createBooking
DA:1,10
DA:3,10
DA:4,7
LF:3
LH:3
BRF:0
BRH:0
end_of_record
TN:
SF:tests/factories/enrollments-factory.ts
FN:8,createEnrollmentWithAddress
FN:35,createhAddressWithCEP
FNF:2
FNH:2
FNDA:33,createEnrollmentWithAddress
FNDA:1,createhAddressWithCEP
DA:1,10
DA:2,10
DA:5,10
DA:6,10
DA:8,10
DA:9,33
DA:11,33
DA:35,10
DA:36,1
LF:9
LH:9
BRDA:9,0,0,33
BRDA:9,0,1,0
BRF:2
BRH:1
end_of_record
TN:
SF:tests/factories/events-factory.ts
FN:6,createEvent
FNF:1
FNH:1
FNDA:4,createEvent
DA:1,10
DA:2,10
DA:4,10
DA:6,10
DA:7,4
LF:5
LH:5
BRDA:6,0,0,3
BRDA:9,1,0,4
BRDA:9,1,1,4
BRDA:10,2,0,4
BRDA:10,2,1,4
BRDA:11,3,0,4
BRDA:11,3,1,4
BRDA:12,4,0,4
BRDA:12,4,1,3
BRDA:13,5,0,4
BRDA:13,5,1,4
BRF:11
BRH:11
end_of_record
TN:
SF:tests/factories/hotels-factory.ts
FN:4,createHotel
FN:13,createRooms
FN:23,createRoomsWithoutVacancies
FNF:3
FNH:3
FNDA:14,createHotel
FNDA:13,createRooms
FNDA:1,createRoomsWithoutVacancies
DA:1,10
DA:2,10
DA:4,10
DA:5,14
DA:13,10
DA:14,13
DA:23,10
DA:24,1
LF:8
LH:8
BRF:0
BRH:0
end_of_record
TN:
SF:tests/factories/index.ts
FNF:0
FNH:0
DA:1,10
DA:2,10
DA:3,10
DA:4,10
DA:5,10
DA:6,10
DA:7,10
DA:8,10
LF:8
LH:8
BRF:0
BRH:0
end_of_record
TN:
SF:tests/factories/payments-factory.ts
FN:4,createPayment
FN:15,generateCreditCardData
FNF:2
FNH:2
FNDA:1,createPayment
FNDA:5,generateCreditCardData
DA:1,10
DA:2,10
DA:4,10
DA:5,1
DA:15,10
DA:16,5
DA:18,5
LF:7
LH:7
BRF:0
BRH:0
end_of_record
TN:
SF:tests/factories/sessions-factory.ts
FN:5,createSession
FNF:1
FNH:1
FNDA:49,createSession
DA:2,10
DA:3,10
DA:5,10
DA:6,49
DA:8,49
LF:5
LH:5
BRF:0
BRH:0
end_of_record
TN:
SF:tests/factories/tickets-factory.ts
FN:5,createTicketType
FN:16,createTicketTypePaid
FN:27,createTicketTypeWithoutHotel
FN:38,createTicketTypeRemote
FN:49,createTicket
FNF:5
FNH:5
FNDA:14,createTicketType
FNDA:5,createTicketTypePaid
FNDA:3,createTicketTypeWithoutHotel
FNDA:2,createTicketTypeRemote
FNDA:20,createTicket
DA:1,10
DA:3,10
DA:5,10
DA:6,14
DA:16,10
DA:17,5
DA:27,10
DA:28,3
DA:38,10
DA:39,2
DA:49,10
DA:50,20
LF:12
LH:12
BRF:0
BRH:0
end_of_record
TN:
SF:tests/factories/users-factory.ts
FN:6,createUser
FNF:1
FNH:1
FNDA:122,createUser
DA:1,10
DA:2,10
DA:4,10
DA:6,10
DA:7,122
DA:8,122
DA:10,122
LF:7
LH:7
BRDA:6,0,0,114
BRDA:7,1,0,122
BRDA:7,1,1,114
BRDA:12,2,0,122
BRDA:12,2,1,114
BRF:5
BRH:5
end_of_record
